c:\users\crist\desktop\fondamenti di computer graphics\es 4\esercitazione 4\x64\debug\vc143.pdb
c:\users\crist\desktop\fondamenti di computer graphics\es 4\esercitazione 4\x64\debug\vc143.idb
c:\users\crist\desktop\fondamenti di computer graphics\es 4\esercitazione 4\x64\debug\sphere.obj
c:\users\crist\desktop\fondamenti di computer graphics\es 4\esercitazione 4\x64\debug\raytree.obj
c:\users\crist\desktop\fondamenti di computer graphics\es 4\esercitazione 4\x64\debug\raytracer_students.obj
c:\users\crist\desktop\fondamenti di computer graphics\es 4\esercitazione 4\x64\debug\radiosity.obj
c:\users\crist\desktop\fondamenti di computer graphics\es 4\esercitazione 4\x64\debug\mesh.obj
c:\users\crist\desktop\fondamenti di computer graphics\es 4\esercitazione 4\x64\debug\matrix.obj
c:\users\crist\desktop\fondamenti di computer graphics\es 4\esercitazione 4\x64\debug\material.obj
c:\users\crist\desktop\fondamenti di computer graphics\es 4\esercitazione 4\x64\debug\lab_04_students.obj
c:\users\crist\desktop\fondamenti di computer graphics\es 4\esercitazione 4\x64\debug\glcanvas.obj
c:\users\crist\desktop\fondamenti di computer graphics\es 4\esercitazione 4\x64\debug\face.obj
c:\users\crist\desktop\fondamenti di computer graphics\es 4\esercitazione 4\x64\debug\edge.obj
c:\users\crist\desktop\fondamenti di computer graphics\es 4\esercitazione 4\x64\debug\camera.obj
c:\users\crist\desktop\fondamenti di computer graphics\es 4\esercitazione 4\x64\debug\boundingbox.obj
c:\users\crist\desktop\fondamenti di computer graphics\es 4\esercitazione 4\x64\debug\esercitazione 4.ilk
c:\users\crist\desktop\fondamenti di computer graphics\es 4\esercitazione 4\x64\debug\esercitazione 4.exe
c:\users\crist\desktop\fondamenti di computer graphics\es 4\esercitazione 4\x64\debug\esercitazione 4.pdb
c:\users\crist\desktop\fondamenti di computer graphics\es 4\esercitazione 4\x64\debug\esercitazione 4.tlog\cl.command.1.tlog
c:\users\crist\desktop\fondamenti di computer graphics\es 4\esercitazione 4\x64\debug\esercitazione 4.tlog\cl.read.1.tlog
c:\users\crist\desktop\fondamenti di computer graphics\es 4\esercitazione 4\x64\debug\esercitazione 4.tlog\cl.write.1.tlog
c:\users\crist\desktop\fondamenti di computer graphics\es 4\esercitazione 4\x64\debug\esercitazione 4.tlog\link.command.1.tlog
c:\users\crist\desktop\fondamenti di computer graphics\es 4\esercitazione 4\x64\debug\esercitazione 4.tlog\link.read.1.tlog
c:\users\crist\desktop\fondamenti di computer graphics\es 4\esercitazione 4\x64\debug\esercitazione 4.tlog\link.write.1.tlog
