  face.cpp
  mesh.cpp
F:\gitHub Hosts\Fondamenti-di-Computer-Graphics\LAB_04\Esercitazione 4\mesh.h(37,1): warning C4267: 'return': conversione da 'size_t' a 'int'. Possibile perdita di dati.
F:\gitHub Hosts\Fondamenti-di-Computer-Graphics\LAB_04\Esercitazione 4\mesh.h(71,1): warning C4267: 'return': conversione da 'size_t' a 'int'. Possibile perdita di dati.
F:\gitHub Hosts\Fondamenti-di-Computer-Graphics\LAB_04\Esercitazione 4\mesh.h(91,1): warning C4267: 'return': conversione da 'size_t' a 'int'. Possibile perdita di dati.
F:\gitHub Hosts\Fondamenti-di-Computer-Graphics\LAB_04\Esercitazione 4\mesh.cpp(60,15): warning C4244: 'inizializzazione': conversione da 'double' a 'float'. Possibile perdita di dati.
F:\gitHub Hosts\Fondamenti-di-Computer-Graphics\LAB_04\Esercitazione 4\mesh.cpp(61,11): warning C4244: 'inizializzazione': conversione da 'double' a 'float'. Possibile perdita di dati.
F:\gitHub Hosts\Fondamenti-di-Computer-Graphics\LAB_04\Esercitazione 4\mesh.cpp(85,32): warning C4267: 'inizializzazione': conversione da 'size_t' a 'int'. Possibile perdita di dati.
F:\gitHub Hosts\Fondamenti-di-Computer-Graphics\LAB_04\Esercitazione 4\mesh.cpp(292,31): warning C4267: 'inizializzazione': conversione da 'size_t' a 'int'. Possibile perdita di dati.
  radiosity.cpp
F:\gitHub Hosts\Fondamenti-di-Computer-Graphics\LAB_04\Esercitazione 4\mesh.h(37,1): warning C4267: 'return': conversione da 'size_t' a 'int'. Possibile perdita di dati.
F:\gitHub Hosts\Fondamenti-di-Computer-Graphics\LAB_04\Esercitazione 4\mesh.h(71,1): warning C4267: 'return': conversione da 'size_t' a 'int'. Possibile perdita di dati.
F:\gitHub Hosts\Fondamenti-di-Computer-Graphics\LAB_04\Esercitazione 4\mesh.h(91,1): warning C4267: 'return': conversione da 'size_t' a 'int'. Possibile perdita di dati.
F:\gitHub Hosts\Fondamenti-di-Computer-Graphics\LAB_04\Esercitazione 4\radiosity.cpp(176,14): warning C4244: 'inizializzazione': conversione da 'double' a 'float'. Possibile perdita di dati.
F:\gitHub Hosts\Fondamenti-di-Computer-Graphics\LAB_04\Esercitazione 4\radiosity.cpp(262,28): warning C4305: 'argomento': troncamento da 'double' a 'GLfloat'
  raytracer_students.cpp
F:\gitHub Hosts\Fondamenti-di-Computer-Graphics\LAB_04\Esercitazione 4\mesh.h(37,1): warning C4267: 'return': conversione da 'size_t' a 'int'. Possibile perdita di dati.
F:\gitHub Hosts\Fondamenti-di-Computer-Graphics\LAB_04\Esercitazione 4\mesh.h(71,1): warning C4267: 'return': conversione da 'size_t' a 'int'. Possibile perdita di dati.
F:\gitHub Hosts\Fondamenti-di-Computer-Graphics\LAB_04\Esercitazione 4\mesh.h(91,1): warning C4267: 'return': conversione da 'size_t' a 'int'. Possibile perdita di dati.
F:\gitHub Hosts\Fondamenti-di-Computer-Graphics\LAB_04\Esercitazione 4\raytracer_students.cpp(126,45): warning C4267: 'inizializzazione': conversione da 'size_t' a 'int'. Possibile perdita di dati.
  Generazione del codice in corso...
F:\gitHub Hosts\Fondamenti-di-Computer-Graphics\LAB_04\Esercitazione 4\face.h(52): warning C4715: 'Face::operator[]': non tutti i percorsi di controllo restituiscono un valore
F:\gitHub Hosts\Fondamenti-di-Computer-Graphics\LAB_04\Esercitazione 4\radiosity.cpp(184): warning C4715: 'Radiosity::whichVisualization': non tutti i percorsi di controllo restituiscono un valore
F:\gitHub Hosts\Fondamenti-di-Computer-Graphics\LAB_04\Esercitazione 4\face.h(52): warning C4715: 'Face::operator[]': non tutti i percorsi di controllo restituiscono un valore
F:\gitHub Hosts\Fondamenti-di-Computer-Graphics\LAB_04\Esercitazione 4\edge.h(58): warning C4715: 'Edge::operator[]': non tutti i percorsi di controllo restituiscono un valore
F:\gitHub Hosts\Fondamenti-di-Computer-Graphics\LAB_04\Esercitazione 4\face.h(52): warning C4715: 'Face::operator[]': non tutti i percorsi di controllo restituiscono un valore
F:\gitHub Hosts\Fondamenti-di-Computer-Graphics\LAB_04\Esercitazione 4\face.h(52): warning C4715: 'Face::operator[]': non tutti i percorsi di controllo restituiscono un valore
  Esercitazione 4.vcxproj -> F:\gitHub Hosts\Fondamenti-di-Computer-Graphics\LAB_04\Esercitazione 4\x64\Debug\Esercitazione 4.exe
