  LAB_07_students.cpp
F:\gitHub Hosts\Fondamenti-di-Computer-Graphics\LAB_07\Esercitazione 7\LAB_07_students.cpp(331,34): warning C4267: 'inizializzazione': conversione da 'size_t' a 'int'. Possibile perdita di dati.
F:\gitHub Hosts\Fondamenti-di-Computer-Graphics\LAB_07\Esercitazione 7\LAB_07_students.cpp(331,34): warning C4267: 'inizializzazione': conversione da 'size_t' a 'const int'. Possibile perdita di dati.
F:\gitHub Hosts\Fondamenti-di-Computer-Graphics\LAB_07\Esercitazione 7\LAB_07_students.cpp(363,39): warning C4267: 'argomento': conversione da 'size_t' a '_Ty'. Possibile perdita di dati.
          with
          [
              _Ty=int
          ]
F:\gitHub Hosts\Fondamenti-di-Computer-Graphics\LAB_07\Esercitazione 7\LAB_07_students.cpp(379,39): warning C4267: 'argomento': conversione da 'size_t' a '_Ty'. Possibile perdita di dati.
          with
          [
              _Ty=int
          ]
F:\gitHub Hosts\Fondamenti-di-Computer-Graphics\LAB_07\Esercitazione 7\LAB_07_students.cpp(395,39): warning C4267: 'argomento': conversione da 'size_t' a '_Ty'. Possibile perdita di dati.
          with
          [
              _Ty=int
          ]
F:\gitHub Hosts\Fondamenti-di-Computer-Graphics\LAB_07\Esercitazione 7\LAB_07_students.cpp(400,9): warning C4101: 'textureID': variabile locale senza riferimenti
F:\gitHub Hosts\Fondamenti-di-Computer-Graphics\LAB_07\Esercitazione 7\LAB_07_students.cpp(481,28): warning C4244: 'inizializzazione': conversione da 'double' a 'GLubyte'. Possibile perdita di dati.
F:\gitHub Hosts\Fondamenti-di-Computer-Graphics\LAB_07\Esercitazione 7\LAB_07_students.cpp(481,21): warning C4244: 'inizializzazione': conversione da 'double' a 'const GLubyte'. Possibile perdita di dati.
F:\gitHub Hosts\Fondamenti-di-Computer-Graphics\LAB_07\Esercitazione 7\LAB_07_students.cpp(509,39): warning C4267: 'argomento': conversione da 'size_t' a '_Ty'. Possibile perdita di dati.
          with
          [
              _Ty=int
          ]
F:\gitHub Hosts\Fondamenti-di-Computer-Graphics\LAB_07\Esercitazione 7\LAB_07_students.cpp(510,45): warning C4267: '=': conversione da 'size_t' a 'int'. Possibile perdita di dati.
F:\gitHub Hosts\Fondamenti-di-Computer-Graphics\LAB_07\Esercitazione 7\LAB_07_students.cpp(527,39): warning C4267: 'argomento': conversione da 'size_t' a '_Ty'. Possibile perdita di dati.
          with
          [
              _Ty=int
          ]
F:\gitHub Hosts\Fondamenti-di-Computer-Graphics\LAB_07\Esercitazione 7\LAB_07_students.cpp(544,39): warning C4267: 'argomento': conversione da 'size_t' a '_Ty'. Possibile perdita di dati.
          with
          [
              _Ty=int
          ]
F:\gitHub Hosts\Fondamenti-di-Computer-Graphics\LAB_07\Esercitazione 7\LAB_07_students.cpp(549,39): warning C4267: 'argomento': conversione da 'size_t' a '_Ty'. Possibile perdita di dati.
          with
          [
              _Ty=int
          ]
F:\gitHub Hosts\Fondamenti-di-Computer-Graphics\LAB_07\Esercitazione 7\LAB_07_students.cpp(580,39): warning C4267: 'argomento': conversione da 'size_t' a '_Ty'. Possibile perdita di dati.
          with
          [
              _Ty=int
          ]
F:\gitHub Hosts\Fondamenti-di-Computer-Graphics\LAB_07\Esercitazione 7\LAB_07_students.cpp(581,43): warning C4267: 'argomento': conversione da 'size_t' a '_Ty'. Possibile perdita di dati.
          with
          [
              _Ty=int
          ]
F:\gitHub Hosts\Fondamenti-di-Computer-Graphics\LAB_07\Esercitazione 7\LAB_07_students.cpp(585,39): warning C4267: 'argomento': conversione da 'size_t' a '_Ty'. Possibile perdita di dati.
          with
          [
              _Ty=int
          ]
F:\gitHub Hosts\Fondamenti-di-Computer-Graphics\LAB_07\Esercitazione 7\LAB_07_students.cpp(586,43): warning C4267: 'argomento': conversione da 'size_t' a '_Ty'. Possibile perdita di dati.
          with
          [
              _Ty=int
          ]
F:\gitHub Hosts\Fondamenti-di-Computer-Graphics\LAB_07\Esercitazione 7\LAB_07_students.cpp(608,39): warning C4267: 'argomento': conversione da 'size_t' a '_Ty'. Possibile perdita di dati.
          with
          [
              _Ty=int
          ]
F:\gitHub Hosts\Fondamenti-di-Computer-Graphics\LAB_07\Esercitazione 7\LAB_07_students.cpp(609,45): warning C4267: '=': conversione da 'size_t' a 'int'. Possibile perdita di dati.
F:\gitHub Hosts\Fondamenti-di-Computer-Graphics\LAB_07\Esercitazione 7\LAB_07_students.cpp(882,31): warning C4305: 'argomento': troncamento da 'double' a 'GLclampf'
F:\gitHub Hosts\Fondamenti-di-Computer-Graphics\LAB_07\Esercitazione 7\LAB_07_students.cpp(964,65): warning C4267: 'argomento': conversione da 'size_t' a 'GLsizei'. Possibile perdita di dati.
F:\gitHub Hosts\Fondamenti-di-Computer-Graphics\LAB_07\Esercitazione 7\LAB_07_students.cpp(1055,72): warning C4267: 'argomento': conversione da 'size_t' a 'GLsizei'. Possibile perdita di dati.
F:\gitHub Hosts\Fondamenti-di-Computer-Graphics\LAB_07\Esercitazione 7\LAB_07_students.cpp(1076,12): warning C4244: 'inizializzazione': conversione da 'GLfloat' a 'int'. Possibile perdita di dati.
F:\gitHub Hosts\Fondamenti-di-Computer-Graphics\LAB_07\Esercitazione 7\LAB_07_students.cpp(1199,47): warning C4244: 'argomento': conversione da 'int' a 'float'. Possibile perdita di dati.
F:\gitHub Hosts\Fondamenti-di-Computer-Graphics\LAB_07\Esercitazione 7\LAB_07_students.cpp(1199,44): warning C4244: 'argomento': conversione da 'int' a 'float'. Possibile perdita di dati.
F:\gitHub Hosts\Fondamenti-di-Computer-Graphics\LAB_07\Esercitazione 7\LAB_07_students.cpp(1200,57): warning C4244: 'argomento': conversione da 'int' a 'float'. Possibile perdita di dati.
F:\gitHub Hosts\Fondamenti-di-Computer-Graphics\LAB_07\Esercitazione 7\LAB_07_students.cpp(1200,39): warning C4244: 'argomento': conversione da 'int' a 'float'. Possibile perdita di dati.
F:\gitHub Hosts\Fondamenti-di-Computer-Graphics\LAB_07\Esercitazione 7\LAB_07_students.cpp(1208,15): warning C4244: 'inizializzazione': conversione da 'double' a 'float'. Possibile perdita di dati.
F:\gitHub Hosts\Fondamenti-di-Computer-Graphics\LAB_07\Esercitazione 7\LAB_07_students.cpp(1302,75): warning C4267: '=': conversione da 'size_t' a 'int'. Possibile perdita di dati.
F:\gitHub Hosts\Fondamenti-di-Computer-Graphics\LAB_07\Esercitazione 7\LAB_07_students.cpp(1371,35): warning C4244: '=': conversione da 'double' a 'float'. Possibile perdita di dati.
F:\gitHub Hosts\Fondamenti-di-Computer-Graphics\LAB_07\Esercitazione 7\LAB_07_students.cpp(1372,19): warning C4244: '=': conversione da 'double' a 'T'. Possibile perdita di dati.
          with
          [
              T=float
          ]
  Esercitazione 7.vcxproj -> F:\gitHub Hosts\Fondamenti-di-Computer-Graphics\LAB_07\Esercitazione 7\x64\Debug\Esercitazione 7.exe
